#
# A fatal error has been detected by the Java Runtime Environment:
#
#  EXCEPTION_ACCESS_VIOLATION (0xc0000005) at pc=0x00007ff8016ce6a0, pid=15452, tid=23412
#
# JRE version: OpenJDK Runtime Environment (21.0.8) (build 21.0.8+-14018985-b1038.68)
# Java VM: OpenJDK 64-Bit Server VM (21.0.8+-14018985-b1038.68, mixed mode, tiered, compressed oops, compressed class ptrs, g1 gc, windows-amd64)
# Problematic frame:
# V  [jvm.dll+0x3be6a0]
#
# No core dump will be written. Minidumps are not enabled by default on client versions of Windows
#
# If you would like to submit a bug report, please visit:
#   https://youtrack.jetbrains.com/issues/JBR
#

---------------  S U M M A R Y ------------

Command Line: --add-opens=java.base/java.util=ALL-UNNAMED --add-opens=java.base/java.lang=ALL-UNNAMED --add-opens=java.base/java.lang.invoke=ALL-UNNAMED --add-opens=java.prefs/java.util.prefs=ALL-UNNAMED --add-opens=java.base/java.nio.charset=ALL-UNNAMED --add-opens=java.base/java.net=ALL-UNNAMED --add-opens=java.base/java.util.concurrent.atomic=ALL-UNNAMED -Xmx2048m -Dfile.encoding=UTF-8 -Duser.country=US -Duser.language=en -Duser.variant -javaagent:C:\Users\jlazz\.gradle\wrapper\dists\gradle-8.7-bin\bhs2wmbdwecv87pi65oeuq5iu\gradle-8.7\lib\agents\gradle-instrumentation-agent-8.7.jar org.gradle.launcher.daemon.bootstrap.GradleDaemon 8.7

Host: 12th Gen Intel(R) Core(TM) i5-12600KF, 16 cores, 31G,  Windows 11 , 64 bit Build 22621 (10.0.22621.5415)
Time: Wed Apr 15 12:01:35 2026 Pacific Daylight Time elapsed time: 1.069888 seconds (0d 0h 0m 1s)

---------------  T H R E A D  ---------------

Current thread (0x00000231fc2af8e0):  JavaThread "C2 CompilerThread1" daemon [_thread_in_native, id=23412, stack(0x00000081d0800000,0x00000081d0900000) (1024K)]


Current CompileTask:
C2:1069 2714   !   4       java.lang.ClassLoader::loadClass (121 bytes)

Stack: [0x00000081d0800000,0x00000081d0900000],  sp=0x00000081d08fcba0,  free space=1010k
Native frames: (J=compiled Java code, j=interpreted, Vv=VM code, C=native code)
V  [jvm.dll+0x3be6a0]
V  [jvm.dll+0x3b78d8]
V  [jvm.dll+0x1dfd58]
V  [jvm.dll+0x2493a4]
V  [jvm.dll+0x248821]
V  [jvm.dll+0x1c73a4]
V  [jvm.dll+0x257f9e]
V  [jvm.dll+0x2564e6]
V  [jvm.dll+0x3f4696]
V  [jvm.dll+0x80eac8]
V  [jvm.dll+0x6d512d]
C  [ucrtbase.dll+0x29333]
C  [KERNEL32.DLL+0x1259d]
C  [ntdll.dll+0x5af78]


siginfo: EXCEPTION_ACCESS_VIOLATION (0xc0000005), reading address 0x000077f801eb0370


Registers:
RAX=0x0000000000000000, RBX=0x00000081d08fcbf0, RCX=0x0000000000000000, RDX=0x000077f801eb0370
RSP=0x00000081d08fcba0, RBP=0x00000081d08fcd10, RSI=0x00007ff801eb0370, RDI=0x000000000000000c
R8 =0x0000000000000480, R9 =0x0000000000000004, R10=0x0000000000000003, R11=0x000002318fb1a140
R12=0x0000000000000000, R13=0x0000000000000000, R14=0x0000000000000481, R15=0x0000000000000481
RIP=0x00007ff8016ce6a0, EFLAGS=0x0000000000010246

XMM[0]=0x0000000000000000 0x0000000000000000
XMM[1]=0x0000000000000000 0x40277c8007215891
XMM[2]=0x0000000000000000 0x0000000000000000
XMM[3]=0x0000000000000000 0x0000000000000000
XMM[4]=0x0000000000000000 0x0000000000000000
XMM[5]=0x0000000000000000 0x0000000000000000
XMM[6]=0x0000000000000000 0x0000000000000000
XMM[7]=0x0000000000000000 0x0000000000000000
XMM[8]=0x0000000000000000 0x0000000000000000
XMM[9]=0x0000000000000000 0x0000000000000000
XMM[10]=0x0000000000000000 0x0000000000000000
XMM[11]=0x0000000000000000 0x0000000000000000
XMM[12]=0x0000000000000000 0x0000000000000000
XMM[13]=0x0000000000000000 0x0000000000000000
XMM[14]=0x0000000000000000 0x0000000000000000
XMM[15]=0x0000000000000000 0x0000000000000000
  MXCSR=0x00001fa0


Register to memory mapping:

RAX=0x0 is null
RBX=0x00000081d08fcbf0 is pointing into the stack for thread: 0x00000231fc2af8e0
RCX=0x0 is null
RDX=0x000077f801eb0370 is an unknown value
RSP=0x00000081d08fcba0 is pointing into the stack for thread: 0x00000231fc2af8e0
RBP=0x00000081d08fcd10 is pointing into the stack for thread: 0x00000231fc2af8e0
RSI=0x00007ff801eb0370 jvm.dll
RDI=0x000000000000000c is an unknown value
R8 =0x0000000000000480 is an unknown value
R9 =0x0000000000000004 is an unknown value
R10=0x0000000000000003 is an unknown value
R11=0x000002318fb1a140 points into unknown readable memory: 0x0000000000000000 | 00 00 00 00 00 00 00 00
R12=0x0 is null
R13=0x0 is null
R14=0x0000000000000481 is an unknown value
R15=0x0000000000000481 is an unknown value

Top of Stack: (sp=0x00000081d08fcba0)
0x00000081d08fcba0:   000000000000285f 00007ff8016ce7f4
0x00000081d08fcbb0:   00000231fc1f01a0 000002318f5c8300
0x00000081d08fcbc0:   0000000000000004 00007ff8016c78d8
0x00000081d08fcbd0:   0000000000000002 0000000000000005
0x00000081d08fcbe0:   000000000000285f 000000000000285f
0x00000081d08fcbf0:   0000000000000000 0000000300000482
0x00000081d08fcc00:   0000001800000005 000077f801eb0370
0x00000081d08fcc10:   000002318f4a25b0 000002318f0390f0
0x00000081d08fcc20:   00000000000003d8 00000231fcda68a0
0x00000081d08fcc30:   00000231fcda6890 00000231fcda6c78
0x00000081d08fcc40:   00000081d08fcd50 00007ff8014efd58
0x00000081d08fcc50:   00000081d08fd090 00000081d08fd170
0x00000081d08fcc60:   0000000000000000 00000231fcda6890
0x00000081d08fcc70:   0000000000008b00 000000000000000e
0x00000081d08fcc80:   00000081d08fcd07 00000231fcda6890
0x00000081d08fcc90:   000002318f7a49c0 000002318f7a7010
0x00000081d08fcca0:   000002318f7ac9a8 00000000009e04c0
0x00000081d08fccb0:   0000000000000000 0000000000000000
0x00000081d08fccc0:   0000000000008ba8 0000000000009f00
0x00000081d08fccd0:   0000000000000000 00007ff801c5cff8
0x00000081d08fcce0:   0000000000000000 00000081d08fe580
0x00000081d08fccf0:   0000000000000000 00007ff801c5cff8
0x00000081d08fcd00:   0000000000000000 00000231fc1f01a0
0x00000081d08fcd10:   000026b70000000c 00000081d08fe580
0x00000081d08fcd20:   000002318f00c050 0000000100000001
0x00000081d08fcd30:   00000231902c9050 0000000000002860
0x00000081d08fcd40:   00000081d08fcc80 00000231fcda68a0
0x00000081d08fcd50:   00007ff801c5cfc8 000002310000000d
0x00000081d08fcd60:   00000081d08fe580 00000081d08fd090
0x00000081d08fcd70:   00000000000027e9 00007ff8013d0d03
0x00000081d08fcd80:   000002310000000a 00000081d08fe580
0x00000081d08fcd90:   00000231ff4d9340 0000000000000000 

Instructions: (pc=0x00007ff8016ce6a0)
0x00007ff8016ce5a0:   48 8b a8 80 00 00 00 48 8b 8d d8 08 00 00 48 85
0x00007ff8016ce5b0:   c9 75 0c e8 78 0b 00 00 48 8b 8d d8 08 00 00 48
0x00007ff8016ce5c0:   8b 01 0f 57 c0 48 89 85 d8 08 00 00 0f 11 01 0f
0x00007ff8016ce5d0:   11 41 10 41 0f 10 06 0f 11 01 41 0f 10 4e 10 0f
0x00007ff8016ce5e0:   11 49 10 48 8b 43 08 48 89 0c 06 ff c7 ba 34 00
0x00007ff8016ce5f0:   00 00 3b bb 90 00 00 00 0f 82 62 ff ff ff 4c 8b
0x00007ff8016ce600:   74 24 60 4c 8b 6c 24 58 4c 8b 64 24 50 48 8b c3
0x00007ff8016ce610:   48 83 c4 20 41 5f 5f 5e 5d 5b c3 cc cc cc cc cc
0x00007ff8016ce620:   40 53 48 83 ec 20 8b 51 0c 48 8b d9 83 fa 04 73
0x00007ff8016ce630:   2a 4c 8b 59 18 66 66 66 0f 1f 84 00 00 00 00 00
0x00007ff8016ce640:   44 8b d2 44 8d 4a 01 4b 83 3c d3 00 0f 85 8f 00
0x00007ff8016ce650:   00 00 41 8b d1 41 83 f9 04 72 e5 48 89 74 24 30
0x00007ff8016ce660:   48 89 7c 24 38 8b 79 10 3b 79 14 73 62 48 8d 35
0x00007ff8016ce670:   fc 1c 7e 00 0f 1f 40 00 0f 1f 84 00 00 00 00 00
0x00007ff8016ce680:   48 8b 43 20 8b cf 48 8b 14 c8 48 3b d6 74 39 33
0x00007ff8016ce690:   c0 48 89 53 18 33 c9 66 0f 1f 84 00 00 00 00 00
0x00007ff8016ce6a0:   48 83 3c 11 00 44 8d 48 01 75 6f 48 83 c1 08 41
0x00007ff8016ce6b0:   8b c1 41 83 f9 04 72 e8 48 8b 4b 28 48 85 c9 74
0x00007ff8016ce6c0:   07 8b d7 e8 58 01 00 00 ff c7 3b 7b 14 72 b1 48
0x00007ff8016ce6d0:   8b 74 24 30 33 c0 48 8b 7c 24 38 48 83 c4 20 5b
0x00007ff8016ce6e0:   c3 8b 41 10 44 8d 04 82 41 c1 e0 06 41 81 c0 00
0x00007ff8016ce6f0:   ff ff ff 44 89 41 08 4b 8b 14 d3 48 0f bc c2 44
0x00007ff8016ce700:   89 49 0c 8b c8 48 d3 ea 48 ff ca 41 03 c0 48 89
0x00007ff8016ce710:   13 89 43 08 48 83 c4 20 5b c3 48 8b 74 24 30 44
0x00007ff8016ce720:   8d 04 b8 8b c8 8d 47 01 48 8b 7c 24 38 41 c1 e0
0x00007ff8016ce730:   06 44 89 43 08 48 8b 14 ca 89 43 10 48 0f bc c2
0x00007ff8016ce740:   44 89 4b 0c 8b c8 48 d3 ea 48 ff ca 41 03 c0 48
0x00007ff8016ce750:   89 13 89 43 08 48 83 c4 20 5b c3 cc cc cc cc cc
0x00007ff8016ce760:   40 53 48 83 ec 20 65 48 8b 04 25 58 00 00 00 8b
0x00007ff8016ce770:   0d 13 55 83 00 48 8b 1c c8 b8 34 00 00 00 80 3c
0x00007ff8016ce780:   18 00 75 05 e8 f3 7e 4d 00 b8 20 00 00 00 48 8b
0x00007ff8016ce790:   04 18 48 8b 88 68 06 00 00 48 8b 99 80 00 00 00 


Stack slot to memory mapping:

stack at sp + 0 slots: 0x000000000000285f is an unknown value
stack at sp + 1 slots: 0x00007ff8016ce7f4 jvm.dll
stack at sp + 2 slots: 0x00000231fc1f01a0 points into unknown readable memory: 0x2e72657070614d07 | 07 4d 61 70 70 65 72 2e
stack at sp + 3 slots: 0x000002318f5c8300 points into unknown readable memory: 0x00000231fc172298 | 98 22 17 fc 31 02 00 00
stack at sp + 4 slots: 0x0000000000000004 is an unknown value
stack at sp + 5 slots: 0x00007ff8016c78d8 jvm.dll
stack at sp + 6 slots: 0x0000000000000002 is an unknown value
stack at sp + 7 slots: 0x0000000000000005 is an unknown value


---------------  P R O C E S S  ---------------

Threads class SMR info:
_java_thread_list=0x00000231fe1e2950, length=29, elements={
0x00000231ec572560, 0x00000231f7c56b80, 0x00000231f7c70150, 0x00000231f7c71070,
0x00000231f7c86440, 0x00000231f7ca8470, 0x00000231f7ca8ae0, 0x00000231f7c7c140,
0x00000231f7cb5390, 0x00000231f7cb6e40, 0x00000231fc008070, 0x00000231f7e62450,
0x00000231fc1cc8b0, 0x00000231fc2af8e0, 0x00000231fc4a63a0, 0x00000231fcbadb50,
0x00000231fdd2a220, 0x00000231fdee4c50, 0x00000231fdf6a250, 0x00000231fd9fa0f0,
0x00000231fd9fa760, 0x00000231fd2c26f0, 0x00000231fdf089b0, 0x00000231fdbd0d20,
0x00000231fdbd3b10, 0x00000231fdbd20d0, 0x00000231fdbd0690, 0x00000231fdbd13b0,
0x00000231fdbd1a40
}

Java Threads: ( => current thread )
  0x00000231ec572560 JavaThread "main"                              [_thread_blocked, id=28660, stack(0x00000081cf400000,0x00000081cf500000) (1024K)]
  0x00000231f7c56b80 JavaThread "Common-Cleaner"             daemon [_thread_blocked, id=25240, stack(0x00000081cfc00000,0x00000081cfd00000) (1024K)]
  0x00000231f7c70150 JavaThread "Reference Handler"          daemon [_thread_blocked, id=12940, stack(0x00000081cfd00000,0x00000081cfe00000) (1024K)]
  0x00000231f7c71070 JavaThread "Finalizer"                  daemon [_thread_blocked, id=21700, stack(0x00000081cfe00000,0x00000081cff00000) (1024K)]
  0x00000231f7c86440 JavaThread "Signal Dispatcher"          daemon [_thread_blocked, id=2992, stack(0x00000081cff00000,0x00000081d0000000) (1024K)]
  0x00000231f7ca8470 JavaThread "Attach Listener"            daemon [_thread_blocked, id=29140, stack(0x00000081d0000000,0x00000081d0100000) (1024K)]
  0x00000231f7ca8ae0 JavaThread "Service Thread"             daemon [_thread_blocked, id=23028, stack(0x00000081d0100000,0x00000081d0200000) (1024K)]
  0x00000231f7c7c140 JavaThread "Monitor Deflation Thread"   daemon [_thread_blocked, id=29492, stack(0x00000081d0200000,0x00000081d0300000) (1024K)]
  0x00000231f7cb5390 JavaThread "C2 CompilerThread0"         daemon [_thread_in_native, id=29612, stack(0x00000081d0300000,0x00000081d0400000) (1024K)]
  0x00000231f7cb6e40 JavaThread "C1 CompilerThread0"         daemon [_thread_blocked, id=10388, stack(0x00000081d0400000,0x00000081d0500000) (1024K)]
  0x00000231fc008070 JavaThread "C1 CompilerThread1"         daemon [_thread_blocked, id=26160, stack(0x00000081d0500000,0x00000081d0600000) (1024K)]
  0x00000231f7e62450 JavaThread "C1 CompilerThread2"         daemon [_thread_blocked, id=26248, stack(0x00000081d0600000,0x00000081d0700000) (1024K)]
  0x00000231fc1cc8b0 JavaThread "Notification Thread"        daemon [_thread_blocked, id=16548, stack(0x00000081d0700000,0x00000081d0800000) (1024K)]
=>0x00000231fc2af8e0 JavaThread "C2 CompilerThread1"         daemon [_thread_in_native, id=23412, stack(0x00000081d0800000,0x00000081d0900000) (1024K)]
  0x00000231fc4a63a0 JavaThread "C2 CompilerThread2"         daemon [_thread_in_native, id=30060, stack(0x00000081d0900000,0x00000081d0a00000) (1024K)]
  0x00000231fcbadb50 JavaThread "C1 CompilerThread3"         daemon [_thread_blocked, id=10872, stack(0x00000081d0a00000,0x00000081d0b00000) (1024K)]
  0x00000231fdd2a220 JavaThread "Daemon health stats"               [_thread_blocked, id=23756, stack(0x00000081d1600000,0x00000081d1700000) (1024K)]
  0x00000231fdee4c50 JavaThread "Incoming local TCP Connector on port 50052"        [_thread_in_native, id=21128, stack(0x00000081d1700000,0x00000081d1800000) (1024K)]
  0x00000231fdf6a250 JavaThread "Daemon periodic checks"            [_thread_blocked, id=9368, stack(0x00000081d1800000,0x00000081d1900000) (1024K)]
  0x00000231fd9fa0f0 JavaThread "Daemon"                            [_thread_blocked, id=30520, stack(0x00000081d1900000,0x00000081d1a00000) (1024K)]
  0x00000231fd9fa760 JavaThread "Handler for socket connection from /127.0.0.1:50052 to /127.0.0.1:50053"        [_thread_in_native, id=17648, stack(0x00000081d1a00000,0x00000081d1b00000) (1024K)]
  0x00000231fd2c26f0 JavaThread "Cancel handler"                    [_thread_blocked, id=19804, stack(0x00000081d1b00000,0x00000081d1c00000) (1024K)]
  0x00000231fdf089b0 JavaThread "Daemon worker"                     [_thread_in_vm, id=19524, stack(0x00000081d1c00000,0x00000081d1d00000) (1024K)]
  0x00000231fdbd0d20 JavaThread "Asynchronous log dispatcher for DefaultDaemonConnection: socket connection from /127.0.0.1:50052 to /127.0.0.1:50053"        [_thread_blocked, id=18876, stack(0x00000081d1d00000,0x00000081d1e00000) (1024K)]
  0x00000231fdbd3b10 JavaThread "Stdin handler"                     [_thread_blocked, id=27540, stack(0x00000081d1e00000,0x00000081d1f00000) (1024K)]
  0x00000231fdbd20d0 JavaThread "Daemon client event forwarder"        [_thread_blocked, id=27064, stack(0x00000081d1f00000,0x00000081d2000000) (1024K)]
  0x00000231fdbd0690 JavaThread "Cache worker for journal cache (C:\Users\jlazz\.gradle\caches\journal-1)"        [_thread_blocked, id=22512, stack(0x00000081d2300000,0x00000081d2400000) (1024K)]
  0x00000231fdbd13b0 JavaThread "File lock request listener"        [_thread_in_native, id=29692, stack(0x00000081d2400000,0x00000081d2500000) (1024K)]
  0x00000231fdbd1a40 JavaThread "Cache worker for file hash cache (C:\Users\jlazz\.gradle\caches\8.7\fileHashes)"        [_thread_blocked, id=28244, stack(0x00000081d2500000,0x00000081d2600000) (1024K)]
Total: 29

Other Threads:
  0x00000231f7c10010 VMThread "VM Thread"                           [id=24984, stack(0x00000081cfb00000,0x00000081cfc00000) (1024K)]
  0x00000231f7b8bdd0 WatcherThread "VM Periodic Task Thread"        [id=15924, stack(0x00000081cfa00000,0x00000081cfb00000) (1024K)]
  0x00000231ec63e060 WorkerThread "GC Thread#0"                     [id=3952, stack(0x00000081cf500000,0x00000081cf600000) (1024K)]
  0x00000231fcc1dd50 WorkerThread "GC Thread#1"                     [id=30628, stack(0x00000081d0b00000,0x00000081d0c00000) (1024K)]
  0x00000231fc86f160 WorkerThread "GC Thread#2"                     [id=11224, stack(0x00000081d0c00000,0x00000081d0d00000) (1024K)]
  0x00000231fc86f500 WorkerThread "GC Thread#3"                     [id=26668, stack(0x00000081d0d00000,0x00000081d0e00000) (1024K)]
  0x00000231fc86f8a0 WorkerThread "GC Thread#4"                     [id=15160, stack(0x00000081d0e00000,0x00000081d0f00000) (1024K)]
  0x00000231fcbf7140 WorkerThread "GC Thread#5"                     [id=22404, stack(0x00000081d0f00000,0x00000081d1000000) (1024K)]
  0x00000231fcbf74e0 WorkerThread "GC Thread#6"                     [id=27020, stack(0x00000081d1000000,0x00000081d1100000) (1024K)]
  0x00000231fcbf7880 WorkerThread "GC Thread#7"                     [id=5308, stack(0x00000081d1100000,0x00000081d1200000) (1024K)]
  0x00000231fcfcbca0 WorkerThread "GC Thread#8"                     [id=21200, stack(0x00000081d1200000,0x00000081d1300000) (1024K)]
  0x00000231fcf85ba0 WorkerThread "GC Thread#9"                     [id=29348, stack(0x00000081d1300000,0x00000081d1400000) (1024K)]
  0x00000231fcf87f50 WorkerThread "GC Thread#10"                    [id=16784, stack(0x00000081d1400000,0x00000081d1500000) (1024K)]
  0x00000231fcdc7e50 WorkerThread "GC Thread#11"                    [id=22716, stack(0x00000081d1500000,0x00000081d1600000) (1024K)]
  0x00000231fcdc7370 WorkerThread "GC Thread#12"                    [id=23940, stack(0x00000081d2000000,0x00000081d2100000) (1024K)]
  0x00000231ee9169d0 ConcurrentGCThread "G1 Main Marker"            [id=2192, stack(0x00000081cf600000,0x00000081cf700000) (1024K)]
  0x00000231ee917c70 WorkerThread "G1 Conc#0"                       [id=16800, stack(0x00000081cf700000,0x00000081cf800000) (1024K)]
  0x00000231fcdc81f0 WorkerThread "G1 Conc#1"                       [id=1848, stack(0x00000081d2100000,0x00000081d2200000) (1024K)]
  0x00000231fcdc7ab0 WorkerThread "G1 Conc#2"                       [id=24440, stack(0x00000081d2200000,0x00000081d2300000) (1024K)]
  0x00000231f7a4f060 ConcurrentGCThread "G1 Refine#0"               [id=23632, stack(0x00000081cf800000,0x00000081cf900000) (1024K)]
  0x00000231f7a4f9e0 ConcurrentGCThread "G1 Service"                [id=12380, stack(0x00000081cf900000,0x00000081cfa00000) (1024K)]
Total: 21

Threads with active compile tasks:
C2 CompilerThread0  1090 2944       4       jdk.internal.org.objectweb.asm.Frame::push (59 bytes)
C2 CompilerThread1  1090 2714   !   4       java.lang.ClassLoader::loadClass (121 bytes)
C2 CompilerThread2  1090 2758       4       java.lang.invoke.MethodType::makeImpl (109 bytes)
Total: 3

VM state: not at safepoint (normal execution)

VM Mutex/Monitor currently owned by a thread: None

Heap address: 0x0000000080000000, size: 2048 MB, Compressed Oops mode: 32-bit

CDS archive(s) not mapped
Compressed class space mapped at: 0x0000000100000000-0x0000000140000000, reserved size: 1073741824
Narrow klass base: 0x0000000000000000, Narrow klass shift: 3, Narrow klass range: 0x140000000

GC Precious Log:
 CardTable entry size: 512
 Card Set container configuration: InlinePtr #cards 5 size 8 Array Of Cards #cards 12 size 40 Howl #buckets 4 coarsen threshold 1843 Howl Bitmap #cards 512 size 80 coarsen threshold 460 Card regions per heap region 1 cards per card region 2048
 CPUs: 16 total, 16 available
 Memory: 32627M
 Large Page Support: Disabled
 NUMA Support: Disabled
 Compressed Oops: Enabled (32-bit)
 Heap Region Size: 1M
 Heap Min Capacity: 8M
 Heap Initial Capacity: 510M
 Heap Max Capacity: 2G
 Pre-touch: Disabled
 Parallel Workers: 13
 Concurrent Workers: 3
 Concurrent Refinement Workers: 13
 Periodic GC: Disabled

Heap:
 garbage-first heap   total 68608K, used 58930K [0x0000000080000000, 0x0000000100000000)
  region size 1024K, 50 young (51200K), 9 survivors (9216K)
 Metaspace       used 27837K, committed 28416K, reserved 1114112K
  class space    used 3635K, committed 3904K, reserved 1048576K

Heap Regions: E=young(eden), S=young(survivor), O=old, HS=humongous(starts), HC=humongous(continues), CS=collection set, F=free, TAMS=top-at-mark-start, PB=parsable bottom
|   0|0x0000000080000000, 0x0000000080100000, 0x0000000080100000|100%|HS|  |TAMS 0x0000000080000000| PB 0x0000000080000000| Complete 
|   1|0x0000000080100000, 0x0000000080200000, 0x0000000080200000|100%|HC|  |TAMS 0x0000000080100000| PB 0x0000000080100000| Complete 
|   2|0x0000000080200000, 0x0000000080300000, 0x0000000080300000|100%|HC|  |TAMS 0x0000000080200000| PB 0x0000000080200000| Complete 
|   3|0x0000000080300000, 0x0000000080400000, 0x0000000080400000|100%|HC|  |TAMS 0x0000000080300000| PB 0x0000000080300000| Complete 
|   4|0x0000000080400000, 0x0000000080500000, 0x0000000080500000|100%| O|  |TAMS 0x0000000080400000| PB 0x0000000080400000| Untracked 
|   5|0x0000000080500000, 0x0000000080600000, 0x0000000080600000|100%| O|  |TAMS 0x0000000080500000| PB 0x0000000080500000| Untracked 
|   6|0x0000000080600000, 0x0000000080700000, 0x0000000080700000|100%| O|  |TAMS 0x0000000080600000| PB 0x0000000080600000| Untracked 
|   7|0x0000000080700000, 0x0000000080800000, 0x0000000080800000|100%| O|  |TAMS 0x0000000080700000| PB 0x0000000080700000| Untracked 
|   8|0x0000000080800000, 0x0000000080900000, 0x0000000080900000|100%| O|  |TAMS 0x0000000080800000| PB 0x0000000080800000| Untracked 
|   9|0x0000000080900000, 0x0000000080a00000, 0x0000000080a00000|100%| O|  |TAMS 0x0000000080900000| PB 0x0000000080900000| Untracked 
|  10|0x0000000080a00000, 0x0000000080a5c408, 0x0000000080b00000| 36%| O|Cm|TAMS 0x0000000080a00000| PB 0x0000000080a00000| Complete 
|  11|0x0000000080b00000, 0x0000000080b00000, 0x0000000080c00000|  0%| F|  |TAMS 0x0000000080b00000| PB 0x0000000080b00000| Untracked 
|  12|0x0000000080c00000, 0x0000000080c00000, 0x0000000080d00000|  0%| F|  |TAMS 0x0000000080c00000| PB 0x0000000080c00000| Untracked 
|  13|0x0000000080d00000, 0x0000000080d00000, 0x0000000080e00000|  0%| F|  |TAMS 0x0000000080d00000| PB 0x0000000080d00000| Untracked 
|  14|0x0000000080e00000, 0x0000000080e00000, 0x0000000080f00000|  0%| F|  |TAMS 0x0000000080e00000| PB 0x0000000080e00000| Untracked 
|  15|0x0000000080f00000, 0x0000000080f00000, 0x0000000081000000|  0%| F|  |TAMS 0x0000000080f00000| PB 0x0000000080f00000| Untracked 
|  16|0x0000000081000000, 0x0000000081000000, 0x0000000081100000|  0%| F|  |TAMS 0x0000000081000000| PB 0x0000000081000000| Untracked 
|  17|0x0000000081100000, 0x000000008117f300, 0x0000000081200000| 49%| E|  |TAMS 0x0000000081100000| PB 0x0000000081100000| Complete 
|  18|0x0000000081200000, 0x0000000081300000, 0x0000000081300000|100%| E|CS|TAMS 0x0000000081200000| PB 0x0000000081200000| Complete 
|  19|0x0000000081300000, 0x0000000081400000, 0x0000000081400000|100%| E|CS|TAMS 0x0000000081300000| PB 0x0000000081300000| Complete 
|  20|0x0000000081400000, 0x0000000081500000, 0x0000000081500000|100%| E|CS|TAMS 0x0000000081400000| PB 0x0000000081400000| Complete 
|  21|0x0000000081500000, 0x0000000081600000, 0x0000000081600000|100%| E|CS|TAMS 0x0000000081500000| PB 0x0000000081500000| Complete 
|  22|0x0000000081600000, 0x0000000081700000, 0x0000000081700000|100%| E|CS|TAMS 0x0000000081600000| PB 0x0000000081600000| Complete 
|  23|0x0000000081700000, 0x0000000081800000, 0x0000000081800000|100%| E|CS|TAMS 0x0000000081700000| PB 0x0000000081700000| Complete 
|  24|0x0000000081800000, 0x0000000081900000, 0x0000000081900000|100%| E|CS|TAMS 0x0000000081800000| PB 0x0000000081800000| Complete 
|  25|0x0000000081900000, 0x0000000081a00000, 0x0000000081a00000|100%| E|CS|TAMS 0x0000000081900000| PB 0x0000000081900000| Complete 
|  26|0x0000000081a00000, 0x0000000081b00000, 0x0000000081b00000|100%| E|CS|TAMS 0x0000000081a00000| PB 0x0000000081a00000| Complete 
|  27|0x0000000081b00000, 0x0000000081c00000, 0x0000000081c00000|100%| E|CS|TAMS 0x0000000081b00000| PB 0x0000000081b00000| Complete 
|  28|0x0000000081c00000, 0x0000000081d00000, 0x0000000081d00000|100%| E|CS|TAMS 0x0000000081c00000| PB 0x0000000081c00000| Complete 
|  29|0x0000000081d00000, 0x0000000081e00000, 0x0000000081e00000|100%| E|CS|TAMS 0x0000000081d00000| PB 0x0000000081d00000| Complete 
|  30|0x0000000081e00000, 0x0000000081f00000, 0x0000000081f00000|100%| E|CS|TAMS 0x0000000081e00000| PB 0x0000000081e00000| Complete 
|  31|0x0000000081f00000, 0x0000000082000000, 0x0000000082000000|100%| E|CS|TAMS 0x0000000081f00000| PB 0x0000000081f00000| Complete 
|  32|0x0000000082000000, 0x0000000082100000, 0x0000000082100000|100%| E|CS|TAMS 0x0000000082000000| PB 0x0000000082000000| Complete 
|  33|0x0000000082100000, 0x0000000082200000, 0x0000000082200000|100%| E|CS|TAMS 0x0000000082100000| PB 0x0000000082100000| Complete 
|  34|0x0000000082200000, 0x0000000082300000, 0x0000000082300000|100%| E|CS|TAMS 0x0000000082200000| PB 0x0000000082200000| Complete 
|  35|0x0000000082300000, 0x0000000082400000, 0x0000000082400000|100%| E|CS|TAMS 0x0000000082300000| PB 0x0000000082300000| Complete 
|  36|0x0000000082400000, 0x0000000082500000, 0x0000000082500000|100%| E|CS|TAMS 0x0000000082400000| PB 0x0000000082400000| Complete 
|  37|0x0000000082500000, 0x0000000082600000, 0x0000000082600000|100%| E|CS|TAMS 0x0000000082500000| PB 0x0000000082500000| Complete 
|  38|0x0000000082600000, 0x0000000082700000, 0x0000000082700000|100%| E|CS|TAMS 0x0000000082600000| PB 0x0000000082600000| Complete 
|  39|0x0000000082700000, 0x0000000082800000, 0x0000000082800000|100%| E|CS|TAMS 0x0000000082700000| PB 0x0000000082700000| Complete 
|  40|0x0000000082800000, 0x0000000082900000, 0x0000000082900000|100%| E|  |TAMS 0x0000000082800000| PB 0x0000000082800000| Complete 
|  41|0x0000000082900000, 0x0000000082a00000, 0x0000000082a00000|100%| E|CS|TAMS 0x0000000082900000| PB 0x0000000082900000| Complete 
|  42|0x0000000082a00000, 0x0000000082b00000, 0x0000000082b00000|100%| E|CS|TAMS 0x0000000082a00000| PB 0x0000000082a00000| Complete 
|  43|0x0000000082b00000, 0x0000000082c00000, 0x0000000082c00000|100%| E|CS|TAMS 0x0000000082b00000| PB 0x0000000082b00000| Complete 
|  44|0x0000000082c00000, 0x0000000082d00000, 0x0000000082d00000|100%| E|CS|TAMS 0x0000000082c00000| PB 0x0000000082c00000| Complete 
|  45|0x0000000082d00000, 0x0000000082e00000, 0x0000000082e00000|100%| E|CS|TAMS 0x0000000082d00000| PB 0x0000000082d00000| Complete 
|  46|0x0000000082e00000, 0x0000000082f00000, 0x0000000082f00000|100%| E|CS|TAMS 0x0000000082e00000| PB 0x0000000082e00000| Complete 
|  47|0x0000000082f00000, 0x0000000083000000, 0x0000000083000000|100%| E|CS|TAMS 0x0000000082f00000| PB 0x0000000082f00000| Complete 
|  48|0x0000000083000000, 0x0000000083100000, 0x0000000083100000|100%| E|CS|TAMS 0x0000000083000000| PB 0x0000000083000000| Complete 
|  49|0x0000000083100000, 0x0000000083200000, 0x0000000083200000|100%| E|CS|TAMS 0x0000000083100000| PB 0x0000000083100000| Complete 
|  50|0x0000000083200000, 0x0000000083300000, 0x0000000083300000|100%| E|CS|TAMS 0x0000000083200000| PB 0x0000000083200000| Complete 
|  51|0x0000000083300000, 0x0000000083400000, 0x0000000083400000|100%| E|CS|TAMS 0x0000000083300000| PB 0x0000000083300000| Complete 
|  52|0x0000000083400000, 0x0000000083500000, 0x0000000083500000|100%| E|CS|TAMS 0x0000000083400000| PB 0x0000000083400000| Complete 
|  53|0x0000000083500000, 0x0000000083600000, 0x0000000083600000|100%| E|CS|TAMS 0x0000000083500000| PB 0x0000000083500000| Complete 
|  54|0x0000000083600000, 0x0000000083700000, 0x0000000083700000|100%| E|CS|TAMS 0x0000000083600000| PB 0x0000000083600000| Complete 
|  55|0x0000000083700000, 0x0000000083800000, 0x0000000083800000|100%| E|CS|TAMS 0x0000000083700000| PB 0x0000000083700000| Complete 
|  56|0x0000000083800000, 0x0000000083900000, 0x0000000083900000|100%| E|CS|TAMS 0x0000000083800000| PB 0x0000000083800000| Complete 
| 456|0x000000009c800000, 0x000000009c830700, 0x000000009c900000| 18%| S|CS|TAMS 0x000000009c800000| PB 0x000000009c800000| Complete 
| 457|0x000000009c900000, 0x000000009ca00000, 0x000000009ca00000|100%| S|CS|TAMS 0x000000009c900000| PB 0x000000009c900000| Complete 
| 458|0x000000009ca00000, 0x000000009cb00000, 0x000000009cb00000|100%| S|CS|TAMS 0x000000009ca00000| PB 0x000000009ca00000| Complete 
| 459|0x000000009cb00000, 0x000000009cc00000, 0x000000009cc00000|100%| S|CS|TAMS 0x000000009cb00000| PB 0x000000009cb00000| Complete 
| 460|0x000000009cc00000, 0x000000009cd00000, 0x000000009cd00000|100%| S|CS|TAMS 0x000000009cc00000| PB 0x000000009cc00000| Complete 
| 461|0x000000009cd00000, 0x000000009ce00000, 0x000000009ce00000|100%| S|CS|TAMS 0x000000009cd00000| PB 0x000000009cd00000| Complete 
| 462|0x000000009ce00000, 0x000000009cf00000, 0x000000009cf00000|100%| S|CS|TAMS 0x000000009ce00000| PB 0x000000009ce00000| Complete 
| 463|0x000000009cf00000, 0x000000009d000000, 0x000000009d000000|100%| S|CS|TAMS 0x000000009cf00000| PB 0x000000009cf00000| Complete 
| 464|0x000000009d000000, 0x000000009d100000, 0x000000009d100000|100%| S|CS|TAMS 0x000000009d000000| PB 0x000000009d000000| Complete 
| 509|0x000000009fd00000, 0x000000009fe00000, 0x000000009fe00000|100%| E|CS|TAMS 0x000000009fd00000| PB 0x000000009fd00000| Complete 

Card table byte_map: [0x00000231f2680000,0x00000231f2a80000] _byte_map_base: 0x00000231f2280000

Marking Bits: (CMBitMap*) 0x00000231ec63e760
 Bits: [0x00000231f2a80000, 0x00000231f4a80000)

Polling page: 0x00000231ec530000

Metaspace:

Usage:
  Non-class:     23.66 MB used.
      Class:      3.56 MB used.
       Both:     27.22 MB used.

Virtual space:
  Non-class space:       64.00 MB reserved,      23.94 MB ( 37%) committed,  1 nodes.
      Class space:        1.00 GB reserved,       3.81 MB ( <1%) committed,  1 nodes.
             Both:        1.06 GB reserved,      27.75 MB (  3%) committed. 

Chunk freelists:
   Non-Class:  7.44 MB
       Class:  12.09 MB
        Both:  19.53 MB

MaxMetaspaceSize: unlimited
CompressedClassSpaceSize: 1.00 GB
Initial GC threshold: 21.00 MB
Current GC threshold: 35.12 MB
CDS: off
 - commit_granule_bytes: 65536.
 - commit_granule_words: 8192.
 - virtual_space_node_default_size: 8388608.
 - enlarge_chunks_in_place: 1.
 - use_allocation_guard: 0.


Internal statistics:

num_allocs_failed_limit: 3.
num_arena_births: 734.
num_arena_deaths: 0.
num_vsnodes_births: 2.
num_vsnodes_deaths: 0.
num_space_committed: 444.
num_space_uncommitted: 0.
num_chunks_returned_to_freelist: 3.
num_chunks_taken_from_freelist: 1445.
num_chunk_merges: 3.
num_chunk_splits: 944.
num_chunks_enlarged: 629.
num_inconsistent_stats: 0.

CodeHeap 'non-profiled nmethods': size=119168Kb used=1351Kb max_used=1351Kb free=117816Kb
 bounds [0x0000023187ba0000, 0x0000023187e10000, 0x000002318f000000]
CodeHeap 'profiled nmethods': size=119104Kb used=5902Kb max_used=5902Kb free=113201Kb
 bounds [0x0000023180000000, 0x00000231805d0000, 0x0000023187450000]
CodeHeap 'non-nmethods': size=7488Kb used=3155Kb max_used=3179Kb free=4332Kb
 bounds [0x0000023187450000, 0x0000023187770000, 0x0000023187ba0000]
CodeCache: size=245760Kb, used=10408Kb, max_used=10432Kb, free=235349Kb
 total_blobs=3514, nmethods=2946, adapters=469, full_count=0
Compilation: enabled, stopped_count=0, restarted_count=0

Compilation events (20 events):
Event: 1.058 Thread 0x00000231f7e62450 nmethod 2895 0x00000231805ab690 code [0x00000231805ab840, 0x00000231805aba70]
Event: 1.058 Thread 0x00000231fc008070 nmethod 2894 0x00000231805abb90 code [0x00000231805abd40, 0x00000231805abfd0]
Event: 1.060 Thread 0x00000231f7e62450 2896       3       java.lang.reflect.Proxy::newProxyInstance (35 bytes)
Event: 1.060 Thread 0x00000231fcbadb50 2897       3       java.lang.reflect.Proxy::getProxyConstructor (92 bytes)
Event: 1.060 Thread 0x00000231fc008070 2898   !   3       java.lang.reflect.Proxy::newProxyInstance (75 bytes)
Event: 1.060 Thread 0x00000231f7cb6e40 2899       3       java.lang.reflect.Proxy::<init> (15 bytes)
Event: 1.060 Thread 0x00000231f7e62450 nmethod 2896 0x00000231805ac110 code [0x00000231805ac300, 0x00000231805ac6d0]
Event: 1.060 Thread 0x00000231f7e62450 2900       3       java.lang.WeakPairMap$Pair::equals (34 bytes)
Event: 1.060 Thread 0x00000231f7cb6e40 nmethod 2899 0x00000231805ac890 code [0x00000231805aca60, 0x00000231805acd78]
Event: 1.060 Thread 0x00000231f7e62450 nmethod 2900 0x00000231805ace90 code [0x00000231805ad060, 0x00000231805ad3c0]
Event: 1.061 Thread 0x00000231fc008070 nmethod 2898 0x00000231805ad490 code [0x00000231805ad700, 0x00000231805ae258]
Event: 1.061 Thread 0x00000231fcbadb50 nmethod 2897 0x00000231805ae710 code [0x00000231805aea20, 0x00000231805affd0]
Event: 1.061 Thread 0x00000231f7e62450 2901       3       jdk.internal.org.objectweb.asm.MethodWriter::addSuccessorToCurrentBasicBlock (24 bytes)
Event: 1.061 Thread 0x00000231f7e62450 nmethod 2901 0x00000231805b0590 code [0x00000231805b0740, 0x00000231805b0a88]
Event: 1.061 Thread 0x00000231f7e62450 2902       1       java.util.Collections$SingletonList::size (2 bytes)
Event: 1.061 Thread 0x00000231f7e62450 nmethod 2902 0x0000023187ce9e90 code [0x0000023187cea020, 0x0000023187cea0e8]
Event: 1.062 Thread 0x00000231f7cb5390 2903       4       java.util.concurrent.locks.ReentrantLock$Sync::tryRelease (51 bytes)
Event: 1.062 Thread 0x00000231f7e62450 2904       3       org.gradle.internal.service.DefaultServiceRegistry::access$1600 (6 bytes)
Event: 1.062 Thread 0x00000231f7cb6e40 2905       3       org.gradle.internal.service.DefaultServiceRegistry$ManagedObjectServiceProvider::requiredBy (20 bytes)
Event: 1.063 Thread 0x00000231fcbadb50 2906       3       org.gradle.internal.service.DefaultServiceRegistry$ManagedObjectServiceProvider::fromSameRegistry (27 bytes)

GC Heap History (6 events):
Event: 0.293 GC heap before
{Heap before GC invocations=0 (full 0):
 garbage-first heap   total 522240K, used 29696K [0x0000000080000000, 0x0000000100000000)
  region size 1024K, 25 young (25600K), 0 survivors (0K)
 Metaspace       used 11009K, committed 11200K, reserved 1114112K
  class space    used 1180K, committed 1280K, reserved 1048576K
}
Event: 0.296 GC heap after
{Heap after GC invocations=1 (full 0):
 garbage-first heap   total 522240K, used 10794K [0x0000000080000000, 0x0000000100000000)
  region size 1024K, 4 young (4096K), 4 survivors (4096K)
 Metaspace       used 11009K, committed 11200K, reserved 1114112K
  class space    used 1180K, committed 1280K, reserved 1048576K
}
Event: 0.495 GC heap before
{Heap before GC invocations=1 (full 0):
 garbage-first heap   total 522240K, used 41514K [0x0000000080000000, 0x0000000100000000)
  region size 1024K, 34 young (34816K), 4 survivors (4096K)
 Metaspace       used 12101K, committed 12288K, reserved 1114112K
  class space    used 1296K, committed 1408K, reserved 1048576K
}
Event: 0.496 GC heap after
{Heap after GC invocations=2 (full 0):
 garbage-first heap   total 522240K, used 11423K [0x0000000080000000, 0x0000000100000000)
  region size 1024K, 1 young (1024K), 1 survivors (1024K)
 Metaspace       used 12101K, committed 12288K, reserved 1114112K
  class space    used 1296K, committed 1408K, reserved 1048576K
}
Event: 0.831 GC heap before
{Heap before GC invocations=2 (full 0):
 garbage-first heap   total 522240K, used 55455K [0x0000000080000000, 0x0000000100000000)
  region size 1024K, 45 young (46080K), 1 survivors (1024K)
 Metaspace       used 21249K, committed 21504K, reserved 1114112K
  class space    used 2549K, committed 2688K, reserved 1048576K
}
Event: 0.834 GC heap after
{Heap after GC invocations=3 (full 0):
 garbage-first heap   total 522240K, used 18994K [0x0000000080000000, 0x0000000100000000)
  region size 1024K, 9 young (9216K), 9 survivors (9216K)
 Metaspace       used 21249K, committed 21504K, reserved 1114112K
  class space    used 2549K, committed 2688K, reserved 1048576K
}

Dll operation events (3 events):
Event: 0.003 Loaded shared library C:\Program Files\Android\Android Studio\jbr\bin\java.dll
Event: 0.007 Loaded shared library C:\Program Files\Android\Android Studio\jbr\bin\zip.dll
Event: 0.189 Loaded shared library C:\Program Files\Android\Android Studio\jbr\bin\verify.dll

Deoptimization events (20 events):
Event: 0.939 Thread 0x00000231fdf089b0 DEOPT PACKING pc=0x0000023187bc6104 sp=0x00000081d1cfadd0
Event: 0.939 Thread 0x00000231fdf089b0 DEOPT UNPACKING pc=0x00000231874a46a2 sp=0x00000081d1cfad60 mode 2
Event: 0.959 Thread 0x00000231fdf089b0 Uncommon trap: trap_request=0xffffff45 fr.pc=0x0000023187bc9bb0 relative=0x0000000000000d30
Event: 0.959 Thread 0x00000231fdf089b0 Uncommon trap: reason=unstable_if action=reinterpret pc=0x0000023187bc9bb0 method=java.io.WinNTFileSystem.resolve(Ljava/lang/String;Ljava/lang/String;)Ljava/lang/String; @ 19 c2
Event: 0.959 Thread 0x00000231fdf089b0 DEOPT PACKING pc=0x0000023187bc9bb0 sp=0x00000081d1cfbc00
Event: 0.959 Thread 0x00000231fdf089b0 DEOPT UNPACKING pc=0x00000231874a46a2 sp=0x00000081d1cfbb98 mode 2
Event: 0.960 Thread 0x00000231fdf089b0 Uncommon trap: trap_request=0xffffff45 fr.pc=0x0000023187c1e598 relative=0x0000000000000638
Event: 0.960 Thread 0x00000231fdf089b0 Uncommon trap: reason=unstable_if action=reinterpret pc=0x0000023187c1e598 method=java.io.File.getName()Ljava/lang/String; @ 16 c2
Event: 0.960 Thread 0x00000231fdf089b0 DEOPT PACKING pc=0x0000023187c1e598 sp=0x00000081d1cfbbb0
Event: 0.960 Thread 0x00000231fdf089b0 DEOPT UNPACKING pc=0x00000231874a46a2 sp=0x00000081d1cfbb80 mode 2
Event: 0.994 Thread 0x00000231fdf089b0 Uncommon trap: trap_request=0xffffff45 fr.pc=0x0000023187c5f700 relative=0x00000000000007a0
Event: 0.994 Thread 0x00000231fdf089b0 Uncommon trap: reason=unstable_if action=reinterpret pc=0x0000023187c5f700 method=java.util.ArrayList.grow(I)[Ljava/lang/Object; @ 17 c2
Event: 0.994 Thread 0x00000231fdf089b0 DEOPT PACKING pc=0x0000023187c5f700 sp=0x00000081d1cfd5d0
Event: 0.994 Thread 0x00000231fdf089b0 DEOPT UNPACKING pc=0x00000231874a46a2 sp=0x00000081d1cfd468 mode 2
Event: 1.005 Thread 0x00000231fdf089b0 Uncommon trap: trap_request=0xffffffcc fr.pc=0x0000023187cd9efc relative=0x000000000000033c
Event: 1.005 Thread 0x00000231fdf089b0 Uncommon trap: reason=intrinsic_or_type_checked_inlining action=make_not_entrant pc=0x0000023187cd9efc method=java.util.Arrays.copyOf([Ljava/lang/Object;ILjava/lang/Class;)[Ljava/lang/Object; @ 35 c2
Event: 1.005 Thread 0x00000231fdf089b0 DEOPT PACKING pc=0x0000023187cd9efc sp=0x00000081d1cfce60
Event: 1.005 Thread 0x00000231fdf089b0 DEOPT UNPACKING pc=0x00000231874a46a2 sp=0x00000081d1cfce08 mode 2
Event: 1.062 Thread 0x00000231fdf089b0 DEOPT PACKING pc=0x000002318056b5a2 sp=0x00000081d1cfc6a0
Event: 1.062 Thread 0x00000231fdf089b0 DEOPT UNPACKING pc=0x00000231874a4e42 sp=0x00000081d1cfbbb0 mode 0

Classes loaded (20 events):
Event: 1.010 Loading class java/lang/invoke/BoundMethodHandle$Species_LLLLLLLLLLLLLLLLLL
Event: 1.010 Loading class java/lang/invoke/BoundMethodHandle$Species_LLLLLLLLLLLLLLLLLL done
Event: 1.011 Loading class java/lang/invoke/BoundMethodHandle$Species_LLLLLLLLLLLLLLLLLLL
Event: 1.011 Loading class java/lang/invoke/BoundMethodHandle$Species_LLLLLLLLLLLLLLLLLLL done
Event: 1.012 Loading class java/lang/invoke/BoundMethodHandle$Species_LLLLLLLLLLLLLLLLLLLL
Event: 1.012 Loading class java/lang/invoke/BoundMethodHandle$Species_LLLLLLLLLLLLLLLLLLLL done
Event: 1.012 Loading class java/lang/invoke/BoundMethodHandle$Species_LLLLLLLLLLLLLLLLLLLLL
Event: 1.012 Loading class java/lang/invoke/BoundMethodHandle$Species_LLLLLLLLLLLLLLLLLLLLL done
Event: 1.013 Loading class java/lang/invoke/BoundMethodHandle$Species_LLLLLLLLLLLLLLLLLLLLLL
Event: 1.013 Loading class java/lang/invoke/BoundMethodHandle$Species_LLLLLLLLLLLLLLLLLLLLLL done
Event: 1.014 Loading class java/lang/invoke/BoundMethodHandle$Species_LLLLLLLLLLLLLLLLLLLLLLL
Event: 1.014 Loading class java/lang/invoke/BoundMethodHandle$Species_LLLLLLLLLLLLLLLLLLLLLLL done
Event: 1.028 Loading class java/time/temporal/TemporalUnit
Event: 1.028 Loading class java/time/temporal/TemporalUnit done
Event: 1.036 Loading class java/util/function/LongFunction
Event: 1.036 Loading class java/util/function/LongFunction done
Event: 1.045 Loading class java/security/InvalidKeyException
Event: 1.045 Loading class java/security/KeyException
Event: 1.045 Loading class java/security/KeyException done
Event: 1.045 Loading class java/security/InvalidKeyException done

Classes unloaded (0 events):
No events

Classes redefined (0 events):
No events

Internal exceptions (20 events):
Event: 0.932 Thread 0x00000231fdf089b0 Exception <a 'java/lang/NoSuchMethodError'{0x0000000082aea930}: 'java.lang.Object java.lang.invoke.DirectMethodHandle$Holder.newInvokeSpecial(java.lang.Object, java.lang.Object, java.lang.Object, int)'> (0x0000000082aea930) 
thrown [s\src\hotspot\share\interpreter\linkResolver.cpp, line 784]
Event: 0.933 Thread 0x00000231fdf089b0 Exception <a 'java/lang/NoSuchMethodError'{0x0000000082aef0d8}: 'java.lang.Object java.lang.invoke.DirectMethodHandle$Holder.invokeSpecial(java.lang.Object, java.lang.Object, java.lang.Object, java.lang.Object, int)'> (0x0000000082aef0d8) 
thrown [s\src\hotspot\share\interpreter\linkResolver.cpp, line 784]
Event: 0.933 Thread 0x00000231fdf089b0 Exception <a 'java/lang/NoSuchMethodError'{0x0000000082af2fa0}: 'java.lang.Object java.lang.invoke.Invokers$Holder.linkToTargetMethod(java.lang.Object, java.lang.Object, int, java.lang.Object)'> (0x0000000082af2fa0) 
thrown [s\src\hotspot\share\interpreter\linkResolver.cpp, line 784]
Event: 0.937 Thread 0x00000231fdf089b0 Exception <a 'java/lang/NoSuchMethodError'{0x000000008296a140}: 'java.lang.Object java.lang.invoke.DirectMethodHandle$Holder.invokeVirtual(java.lang.Object, java.lang.Object, java.lang.Object, java.lang.Object, java.lang.Object, java.lang.Object, java.lang.Object, java.lang.Object)'> (0x000000008296a140) 
thrown [s\src\hotspot\share\interpreter\linkResolver.cpp, line 784]
Event: 0.973 Thread 0x00000231fdf089b0 Exception <a 'java/lang/NoSuchMethodError'{0x0000000082335768}: 'int java.lang.invoke.DirectMethodHandle$Holder.invokeSpecialIFC(java.lang.Object, java.lang.Object, java.lang.Object, java.lang.Object)'> (0x0000000082335768) 
thrown [s\src\hotspot\share\interpreter\linkResolver.cpp, line 784]
Event: 0.974 Thread 0x00000231fdf089b0 Exception <a 'java/lang/IncompatibleClassChangeError'{0x0000000082342d78}: Found class java.lang.Object, but interface was expected> (0x0000000082342d78) 
thrown [s\src\hotspot\share\interpreter\linkResolver.cpp, line 851]
Event: 1.004 Thread 0x00000231fdf089b0 Exception <a 'java/lang/NoSuchMethodError'{0x0000000081f40338}: 'java.lang.Object java.lang.invoke.DelegatingMethodHandle$Holder.reinvoke_L(java.lang.Object, java.lang.Object, java.lang.Object, java.lang.Object, java.lang.Object, java.lang.Object, java.lang.Object, java.lang.Object, java.lang.Object, java.lang.Object, java.lang.Object, java.lang.Object, java.lang.Object, java.lang.Object, java.lang.Object, java.lang.Object, java.lang.Object, java.lang.Object, java.lang.Object, java.lang.Object, java.lang.O
Event: 1.006 Thread 0x00000231fdf089b0 Exception <a 'java/lang/NoSuchMethodError'{0x0000000081f9a480}: 'java.lang.Object java.lang.invoke.DirectMethodHandle$Holder.invokeStatic(java.lang.Object, java.lang.Object, java.lang.Object, java.lang.Object, java.lang.Object, java.lang.Object, java.lang.Object, java.lang.Object, java.lang.Object, java.lang.Object, java.lang.Object, java.lang.Object, java.lang.Object, java.lang.Object, java.lang.Object)'> (0x0000000081f9a480) 
thrown [s\src\hotspot\share\interpreter\linkResolver.cpp, line 784]
Event: 1.006 Thread 0x00000231fdf089b0 Exception <a 'java/lang/NoSuchMethodError'{0x0000000081fbed90}: 'java.lang.Object java.lang.invoke.DirectMethodHandle$Holder.invokeStatic(java.lang.Object, java.lang.Object, java.lang.Object, java.lang.Object, java.lang.Object, java.lang.Object, java.lang.Object, java.lang.Object, java.lang.Object, java.lang.Object, java.lang.Object, java.lang.Object, java.lang.Object, java.lang.Object, java.lang.Object, java.lang.Object)'> (0x0000000081fbed90) 
thrown [s\src\hotspot\share\interpreter\linkResolver.cpp, lin
Event: 1.008 Thread 0x00000231fdf089b0 Exception <a 'java/lang/NoSuchMethodError'{0x0000000081fe6810}: 'java.lang.Object java.lang.invoke.DirectMethodHandle$Holder.invokeStatic(java.lang.Object, java.lang.Object, java.lang.Object, java.lang.Object, java.lang.Object, java.lang.Object, java.lang.Object, java.lang.Object, java.lang.Object, java.lang.Object, java.lang.Object, java.lang.Object, java.lang.Object, java.lang.Object, java.lang.Object, java.lang.Object, java.lang.Object)'> (0x0000000081fe6810) 
thrown [s\src\hotspot\share\interpreter\lin
Event: 1.008 Thread 0x00000231fdf089b0 Exception <a 'java/lang/NoSuchMethodError'{0x0000000081e0fa60}: 'java.lang.Object java.lang.invoke.DirectMethodHandle$Holder.invokeStatic(java.lang.Object, java.lang.Object, java.lang.Object, java.lang.Object, java.lang.Object, java.lang.Object, java.lang.Object, java.lang.Object, java.lang.Object, java.lang.Object, java.lang.Object, java.lang.Object, java.lang.Object, java.lang.Object, java.lang.Object, java.lang.Object, java.lang.Object, java.lang.Object)'> (0x0000000081e0fa60) 
thrown [s\src\hotspot\sha
Event: 1.009 Thread 0x00000231fdf089b0 Exception <a 'java/lang/NoSuchMethodError'{0x0000000081e39b28}: 'java.lang.Object java.lang.invoke.DirectMethodHandle$Holder.invokeStatic(java.lang.Object, java.lang.Object, java.lang.Object, java.lang.Object, java.lang.Object, java.lang.Object, java.lang.Object, java.lang.Object, java.lang.Object, java.lang.Object, java.lang.Object, java.lang.Object, java.lang.Object, java.lang.Object, java.lang.Object, java.lang.Object, java.lang.Object, java.lang.Object, java.lang.Object)'> (0x0000000081e39b28) 
thrown 
Event: 1.010 Thread 0x00000231fdf089b0 Exception <a 'java/lang/NoSuchMethodError'{0x0000000081e65018}: 'java.lang.Object java.lang.invoke.DirectMethodHandle$Holder.invokeStatic(java.lang.Object, java.lang.Object, java.lang.Object, java.lang.Object, java.lang.Object, java.lang.Object, java.lang.Object, java.lang.Object, java.lang.Object, java.lang.Object, java.lang.Object, java.lang.Object, java.lang.Object, java.lang.Object, java.lang.Object, java.lang.Object, java.lang.Object, java.lang.Object, java.lang.Object, java.lang.Object)'> (0x00000000
Event: 1.011 Thread 0x00000231fdf089b0 Exception <a 'java/lang/NoSuchMethodError'{0x0000000081e91988}: 'java.lang.Object java.lang.invoke.DirectMethodHandle$Holder.invokeStatic(java.lang.Object, java.lang.Object, java.lang.Object, java.lang.Object, java.lang.Object, java.lang.Object, java.lang.Object, java.lang.Object, java.lang.Object, java.lang.Object, java.lang.Object, java.lang.Object, java.lang.Object, java.lang.Object, java.lang.Object, java.lang.Object, java.lang.Object, java.lang.Object, java.lang.Object, java.lang.Object, java.lang.Obj
Event: 1.011 Thread 0x00000231fdf089b0 Exception <a 'java/lang/NoSuchMethodError'{0x0000000081ebf168}: 'java.lang.Object java.lang.invoke.DirectMethodHandle$Holder.invokeStatic(java.lang.Object, java.lang.Object, java.lang.Object, java.lang.Object, java.lang.Object, java.lang.Object, java.lang.Object, java.lang.Object, java.lang.Object, java.lang.Object, java.lang.Object, java.lang.Object, java.lang.Object, java.lang.Object, java.lang.Object, java.lang.Object, java.lang.Object, java.lang.Object, java.lang.Object, java.lang.Object, java.lang.Obj
Event: 1.012 Thread 0x00000231fdf089b0 Exception <a 'java/lang/NoSuchMethodError'{0x0000000081eed460}: 'java.lang.Object java.lang.invoke.DirectMethodHandle$Holder.invokeStatic(java.lang.Object, java.lang.Object, java.lang.Object, java.lang.Object, java.lang.Object, java.lang.Object, java.lang.Object, java.lang.Object, java.lang.Object, java.lang.Object, java.lang.Object, java.lang.Object, java.lang.Object, java.lang.Object, java.lang.Object, java.lang.Object, java.lang.Object, java.lang.Object, java.lang.Object, java.lang.Object, java.lang.Obj
Event: 1.013 Thread 0x00000231fdf089b0 Exception <a 'java/lang/NoSuchMethodError'{0x0000000081d1cb18}: 'java.lang.Object java.lang.invoke.DirectMethodHandle$Holder.invokeStatic(java.lang.Object, java.lang.Object, java.lang.Object, java.lang.Object, java.lang.Object, java.lang.Object, java.lang.Object, java.lang.Object, java.lang.Object, java.lang.Object, java.lang.Object, java.lang.Object, java.lang.Object, java.lang.Object, java.lang.Object, java.lang.Object, java.lang.Object, java.lang.Object, java.lang.Object, java.lang.Object, java.lang.Obj
Event: 1.013 Thread 0x00000231fdf089b0 Exception <a 'java/lang/NoSuchMethodError'{0x0000000081d4c8f8}: 'java.lang.Object java.lang.invoke.DirectMethodHandle$Holder.invokeStatic(java.lang.Object, java.lang.Object, java.lang.Object, java.lang.Object, java.lang.Object, java.lang.Object, java.lang.Object, java.lang.Object, java.lang.Object, java.lang.Object, java.lang.Object, java.lang.Object, java.lang.Object, java.lang.Object, java.lang.Object, java.lang.Object, java.lang.Object, java.lang.Object, java.lang.Object, java.lang.Object, java.lang.Obj
Event: 1.014 Thread 0x00000231fdf089b0 Exception <a 'java/lang/NoSuchMethodError'{0x0000000081d7f6d8}: 'java.lang.Object java.lang.invoke.DirectMethodHandle$Holder.invokeStatic(java.lang.Object, java.lang.Object, java.lang.Object, java.lang.Object, java.lang.Object, java.lang.Object, java.lang.Object, java.lang.Object, java.lang.Object, java.lang.Object, java.lang.Object, java.lang.Object, java.lang.Object, java.lang.Object, java.lang.Object, java.lang.Object, java.lang.Object, java.lang.Object, java.lang.Object, java.lang.Object, java.lang.Obj
Event: 1.062 Thread 0x00000231fdf089b0 Exception <a 'java/lang/IncompatibleClassChangeError'{0x00000000816d7f30}: Found class java.lang.Object, but interface was expected> (0x00000000816d7f30) 
thrown [s\src\hotspot\share\interpreter\linkResolver.cpp, line 851]

ZGC Phase Switch (0 events):
No events

VM Operations (20 events):
Event: 0.727 Executing VM operation: HandshakeAllThreads (Deoptimize)
Event: 0.727 Executing VM operation: HandshakeAllThreads (Deoptimize) done
Event: 0.728 Executing VM operation: ICBufferFull
Event: 0.728 Executing VM operation: ICBufferFull done
Event: 0.751 Executing VM operation: HandshakeAllThreads (Deoptimize)
Event: 0.751 Executing VM operation: HandshakeAllThreads (Deoptimize) done
Event: 0.831 Executing VM operation: CollectForMetadataAllocation (Metadata GC Threshold)
Event: 0.834 Executing VM operation: CollectForMetadataAllocation (Metadata GC Threshold) done
Event: 0.836 Executing VM operation: G1PauseRemark
Event: 0.837 Executing VM operation: G1PauseRemark done
Event: 0.837 Executing VM operation: G1PauseCleanup
Event: 0.837 Executing VM operation: G1PauseCleanup done
Event: 0.882 Executing VM operation: HandshakeAllThreads (Deoptimize)
Event: 0.882 Executing VM operation: HandshakeAllThreads (Deoptimize) done
Event: 0.932 Executing VM operation: HandshakeAllThreads (Deoptimize)
Event: 0.932 Executing VM operation: HandshakeAllThreads (Deoptimize) done
Event: 1.016 Executing VM operation: HandshakeAllThreads (Deoptimize)
Event: 1.016 Executing VM operation: HandshakeAllThreads (Deoptimize) done
Event: 1.017 Executing VM operation: HandshakeAllThreads (Deoptimize)
Event: 1.017 Executing VM operation: HandshakeAllThreads (Deoptimize) done

Memory protections (0 events):
No events

Nmethod flushes (0 events):
No events

Events (20 events):
Event: 0.171 Thread 0x00000231f7e62450 Thread added: 0x00000231fc4a63a0
Event: 0.252 Loaded shared library C:\Users\jlazz\.gradle\native\c067742578af261105cb4f569cf0c3c89f3d7b1fecec35dd04571415982c5e48\windows-amd64\native-platform.dll
Event: 0.254 Loaded shared library C:\Users\jlazz\.gradle\native\38dada09dfb8b06ba9b0570ebf7e218e3eb74d4ef43ca46872605cf95ebc2f47\windows-amd64\native-platform-file-events.dll
Event: 0.277 Thread 0x00000231f7e62450 Thread added: 0x00000231fcbadb50
Event: 0.630 Loaded shared library C:\Program Files\Android\Android Studio\jbr\bin\management.dll
Event: 0.631 Loaded shared library C:\Program Files\Android\Android Studio\jbr\bin\management_ext.dll
Event: 0.646 Thread 0x00000231ec572560 Thread added: 0x00000231fdd2a220
Event: 0.706 Loaded shared library C:\Program Files\Android\Android Studio\jbr\bin\extnet.dll
Event: 0.722 Thread 0x00000231ec572560 Thread added: 0x00000231fdee4c50
Event: 0.738 Thread 0x00000231ec572560 Thread added: 0x00000231fdf6a250
Event: 0.763 Thread 0x00000231fdee4c50 Thread added: 0x00000231fd9fa0f0
Event: 0.765 Thread 0x00000231fd9fa0f0 Thread added: 0x00000231fd9fa760
Event: 0.781 Thread 0x00000231fd9fa0f0 Thread added: 0x00000231fd2c26f0
Event: 0.784 Thread 0x00000231fd9fa0f0 Thread added: 0x00000231fdf089b0
Event: 0.788 Thread 0x00000231fdf089b0 Thread added: 0x00000231fdbd0d20
Event: 0.789 Thread 0x00000231fdf089b0 Thread added: 0x00000231fdbd3b10
Event: 0.790 Thread 0x00000231fdf089b0 Thread added: 0x00000231fdbd20d0
Event: 0.932 Thread 0x00000231fdf089b0 Thread added: 0x00000231fdbd0690
Event: 0.936 Thread 0x00000231fdf089b0 Thread added: 0x00000231fdbd13b0
Event: 0.947 Thread 0x00000231fdf089b0 Thread added: 0x00000231fdbd1a40


Dynamic libraries:
0x00007ff6ced60000 - 0x00007ff6ced6a000 	C:\Program Files\Android\Android Studio\jbr\bin\java.exe
0x00007ff8ce370000 - 0x00007ff8ce588000 	C:\WINDOWS\SYSTEM32\ntdll.dll
0x00007ff8cc580000 - 0x00007ff8cc644000 	C:\WINDOWS\System32\KERNEL32.DLL
0x00007ff8cb620000 - 0x00007ff8cb9f3000 	C:\WINDOWS\System32\KERNELBASE.dll
0x00007ff8cbe30000 - 0x00007ff8cbf41000 	C:\WINDOWS\System32\ucrtbase.dll
0x00007ff8c2ab0000 - 0x00007ff8c2ac8000 	C:\Program Files\Android\Android Studio\jbr\bin\jli.dll
0x00007ff8c2a90000 - 0x00007ff8c2aab000 	C:\Program Files\Android\Android Studio\jbr\bin\VCRUNTIME140.dll
0x00007ff8cca10000 - 0x00007ff8ccbc2000 	C:\WINDOWS\System32\USER32.dll
0x00007ff8cbb70000 - 0x00007ff8cbb96000 	C:\WINDOWS\System32\win32u.dll
0x00007ff8ca7d0000 - 0x00007ff8caa6c000 	C:\WINDOWS\WinSxS\amd64_microsoft.windows.common-controls_6595b64144ccf1df_6.0.22621.6060_none_2712eda17382d24b\COMCTL32.dll
0x00007ff8cce50000 - 0x00007ff8cce79000 	C:\WINDOWS\System32\GDI32.dll
0x00007ff8cbbd0000 - 0x00007ff8cbceb000 	C:\WINDOWS\System32\gdi32full.dll
0x00007ff8ce000000 - 0x00007ff8ce0a7000 	C:\WINDOWS\System32\msvcrt.dll
0x00007ff8cb480000 - 0x00007ff8cb51a000 	C:\WINDOWS\System32\msvcp_win.dll
0x00007ff8cd860000 - 0x00007ff8cd891000 	C:\WINDOWS\System32\IMM32.DLL
0x00007ff8c2b50000 - 0x00007ff8c2b5c000 	C:\Program Files\Android\Android Studio\jbr\bin\vcruntime140_1.dll
0x00007ff891e80000 - 0x00007ff891f0d000 	C:\Program Files\Android\Android Studio\jbr\bin\msvcp140.dll
0x00007ff801310000 - 0x00007ff801fa6000 	C:\Program Files\Android\Android Studio\jbr\bin\server\jvm.dll
0x00007ff8ce0b0000 - 0x00007ff8ce161000 	C:\WINDOWS\System32\ADVAPI32.dll
0x00007ff8cc650000 - 0x00007ff8cc6f8000 	C:\WINDOWS\System32\sechost.dll
0x00007ff8cbba0000 - 0x00007ff8cbbc8000 	C:\WINDOWS\System32\bcrypt.dll
0x00007ff8cc880000 - 0x00007ff8cc998000 	C:\WINDOWS\System32\RPCRT4.dll
0x00007ff8cce80000 - 0x00007ff8ccef1000 	C:\WINDOWS\System32\WS2_32.dll
0x00007ff8cb1a0000 - 0x00007ff8cb1ed000 	C:\WINDOWS\SYSTEM32\POWRPROF.dll
0x00007ff8c43d0000 - 0x00007ff8c4404000 	C:\WINDOWS\SYSTEM32\WINMM.dll
0x00007ff8c65c0000 - 0x00007ff8c65ca000 	C:\WINDOWS\SYSTEM32\VERSION.dll
0x00007ff8cb180000 - 0x00007ff8cb193000 	C:\WINDOWS\SYSTEM32\UMPDC.dll
0x00007ff8c9b30000 - 0x00007ff8c9b48000 	C:\WINDOWS\SYSTEM32\kernel.appcore.dll
0x00007ff8c2a80000 - 0x00007ff8c2a8a000 	C:\Program Files\Android\Android Studio\jbr\bin\jimage.dll
0x00007ff8cad60000 - 0x00007ff8caf93000 	C:\WINDOWS\SYSTEM32\DBGHELP.DLL
0x00007ff8cc030000 - 0x00007ff8cc3c1000 	C:\WINDOWS\System32\combase.dll
0x00007ff8cc4a0000 - 0x00007ff8cc578000 	C:\WINDOWS\System32\OLEAUT32.dll
0x00007ff8cac50000 - 0x00007ff8cac82000 	C:\WINDOWS\SYSTEM32\dbgcore.DLL
0x00007ff8cb5a0000 - 0x00007ff8cb61b000 	C:\WINDOWS\System32\bcryptPrimitives.dll
0x00007ff8b5df0000 - 0x00007ff8b5dfe000 	C:\Program Files\Android\Android Studio\jbr\bin\instrument.dll
0x00007ff8bc7d0000 - 0x00007ff8bc7f0000 	C:\Program Files\Android\Android Studio\jbr\bin\java.dll
0x00007ff8b24c0000 - 0x00007ff8b24d8000 	C:\Program Files\Android\Android Studio\jbr\bin\zip.dll
0x00007ff8ccf30000 - 0x00007ff8cd7cc000 	C:\WINDOWS\System32\SHELL32.dll
0x00007ff8cbcf0000 - 0x00007ff8cbe2f000 	C:\WINDOWS\System32\wintypes.dll
0x00007ff8c8980000 - 0x00007ff8c929a000 	C:\WINDOWS\SYSTEM32\windows.storage.dll
0x00007ff8ccbd0000 - 0x00007ff8cccd4000 	C:\WINDOWS\System32\SHCORE.dll
0x00007ff8cc9a0000 - 0x00007ff8cca09000 	C:\WINDOWS\System32\shlwapi.dll
0x00007ff8cb3b0000 - 0x00007ff8cb3d5000 	C:\WINDOWS\SYSTEM32\profapi.dll
0x00007ff8c2a70000 - 0x00007ff8c2a80000 	C:\Program Files\Android\Android Studio\jbr\bin\net.dll
0x00007ff8c4000000 - 0x00007ff8c412c000 	C:\WINDOWS\SYSTEM32\WINHTTP.dll
0x00007ff8ca020000 - 0x00007ff8ca089000 	C:\WINDOWS\system32\mswsock.dll
0x00007ff8b2150000 - 0x00007ff8b2166000 	C:\Program Files\Android\Android Studio\jbr\bin\nio.dll
0x00007ff8bc7c0000 - 0x00007ff8bc7d0000 	C:\Program Files\Android\Android Studio\jbr\bin\verify.dll
0x00007ff8b6570000 - 0x00007ff8b6597000 	C:\Users\jlazz\.gradle\native\c067742578af261105cb4f569cf0c3c89f3d7b1fecec35dd04571415982c5e48\windows-amd64\native-platform.dll
0x00007ff88df90000 - 0x00007ff88e0d4000 	C:\Users\jlazz\.gradle\native\38dada09dfb8b06ba9b0570ebf7e218e3eb74d4ef43ca46872605cf95ebc2f47\windows-amd64\native-platform-file-events.dll
0x00007ff8b6410000 - 0x00007ff8b6419000 	C:\Program Files\Android\Android Studio\jbr\bin\management.dll
0x00007ff8b6220000 - 0x00007ff8b622b000 	C:\Program Files\Android\Android Studio\jbr\bin\management_ext.dll
0x00007ff8cc020000 - 0x00007ff8cc028000 	C:\WINDOWS\System32\PSAPI.DLL
0x00007ff8cb0a0000 - 0x00007ff8cb0bb000 	C:\WINDOWS\SYSTEM32\CRYPTSP.dll
0x00007ff8ca090000 - 0x00007ff8ca0c7000 	C:\WINDOWS\system32\rsaenh.dll
0x00007ff8ca150000 - 0x00007ff8ca178000 	C:\WINDOWS\SYSTEM32\USERENV.dll
0x00007ff8ca4c0000 - 0x00007ff8ca4cc000 	C:\WINDOWS\SYSTEM32\CRYPTBASE.dll
0x00007ff8c9670000 - 0x00007ff8c969d000 	C:\WINDOWS\SYSTEM32\IPHLPAPI.DLL
0x00007ff8cce40000 - 0x00007ff8cce49000 	C:\WINDOWS\System32\NSI.dll
0x00007ff8b61b0000 - 0x00007ff8b61b9000 	C:\Program Files\Android\Android Studio\jbr\bin\extnet.dll
0x00007ff8bc880000 - 0x00007ff8bc888000 	C:\WINDOWS\system32\wshunix.dll

JVMTI agents:
C:\Users\jlazz\.gradle\wrapper\dists\gradle-8.7-bin\bhs2wmbdwecv87pi65oeuq5iu\gradle-8.7\lib\agents\gradle-instrumentation-agent-8.7.jar path:C:\Program Files\Android\Android Studio\jbr\bin\instrument.dll, loaded, initialized, instrumentlib options:none

dbghelp: loaded successfully - version: 4.0.5 - missing functions: none
symbol engine: initialized successfully - sym options: 0x614 - pdb path: .;C:\Program Files\Android\Android Studio\jbr\bin;C:\WINDOWS\SYSTEM32;C:\WINDOWS\WinSxS\amd64_microsoft.windows.common-controls_6595b64144ccf1df_6.0.22621.6060_none_2712eda17382d24b;C:\Program Files\Android\Android Studio\jbr\bin\server;C:\Users\jlazz\.gradle\native\c067742578af261105cb4f569cf0c3c89f3d7b1fecec35dd04571415982c5e48\windows-amd64;C:\Users\jlazz\.gradle\native\38dada09dfb8b06ba9b0570ebf7e218e3eb74d4ef43ca46872605cf95ebc2f47\windows-amd64

VM Arguments:
jvm_args: --add-opens=java.base/java.util=ALL-UNNAMED --add-opens=java.base/java.lang=ALL-UNNAMED --add-opens=java.base/java.lang.invoke=ALL-UNNAMED --add-opens=java.prefs/java.util.prefs=ALL-UNNAMED --add-opens=java.base/java.nio.charset=ALL-UNNAMED --add-opens=java.base/java.net=ALL-UNNAMED --add-opens=java.base/java.util.concurrent.atomic=ALL-UNNAMED -Xmx2048m -Dfile.encoding=UTF-8 -Duser.country=US -Duser.language=en -Duser.variant -javaagent:C:\Users\jlazz\.gradle\wrapper\dists\gradle-8.7-bin\bhs2wmbdwecv87pi65oeuq5iu\gradle-8.7\lib\agents\gradle-instrumentation-agent-8.7.jar 
java_command: org.gradle.launcher.daemon.bootstrap.GradleDaemon 8.7
java_class_path (initial): C:\Users\jlazz\.gradle\wrapper\dists\gradle-8.7-bin\bhs2wmbdwecv87pi65oeuq5iu\gradle-8.7\lib\gradle-launcher-8.7.jar
Launcher Type: SUN_STANDARD

[Global flags]
     intx CICompilerCount                          = 12                                        {product} {ergonomic}
     uint ConcGCThreads                            = 3                                         {product} {ergonomic}
     uint G1ConcRefinementThreads                  = 13                                        {product} {ergonomic}
   size_t G1HeapRegionSize                         = 1048576                                   {product} {ergonomic}
    uintx GCDrainStackTargetSize                   = 64                                        {product} {ergonomic}
   size_t InitialHeapSize                          = 534773760                                 {product} {ergonomic}
   size_t MarkStackSize                            = 4194304                                   {product} {ergonomic}
   size_t MaxHeapSize                              = 2147483648                                {product} {command line}
   size_t MaxNewSize                               = 1287651328                                {product} {ergonomic}
   size_t MinHeapDeltaBytes                        = 1048576                                   {product} {ergonomic}
   size_t MinHeapSize                              = 8388608                                   {product} {ergonomic}
    uintx NonNMethodCodeHeapSize                   = 7602480                                {pd product} {ergonomic}
    uintx NonProfiledCodeHeapSize                  = 122027880                              {pd product} {ergonomic}
    uintx ProfiledCodeHeapSize                     = 122027880                              {pd product} {ergonomic}
    uintx ReservedCodeCacheSize                    = 251658240                              {pd product} {ergonomic}
     bool SegmentedCodeCache                       = true                                      {product} {ergonomic}
   size_t SoftMaxHeapSize                          = 2147483648                             {manageable} {ergonomic}
     bool UseCompressedOops                        = true                           {product lp64_product} {ergonomic}
     bool UseG1GC                                  = true                                      {product} {ergonomic}
     bool UseLargePagesIndividualAllocation        = false                                  {pd product} {ergonomic}

Logging:
Log output configuration:
 #0: stdout all=warning uptime,level,tags foldmultilines=false
 #1: stderr all=off uptime,level,tags foldmultilines=false

Environment Variables:
JAVA_HOME=C:\Program Files\Android\Android Studio\jbr
CLASSPATH=C:\Projects\glide_tech_assessment\\gradle\wrapper\gradle-wrapper.jar
PATH=C:\Program Files\Android\Android Studio\jbr\bin;C:\WINDOWS\system32;C:\WINDOWS;C:\WINDOWS\System32\Wbem;C:\WINDOWS\System32\WindowsPowerShell\v1.0\;C:\WINDOWS\System32\OpenSSH\;C:\Program Files\nodejs\;C:\Program Files\Git\cmd;C:\ProgramData\chocolatey\bin;C:\src\flutter\bin;C:\Users\jlazz\AppData\Local\Microsoft\WindowsApps;C:\Users\jlazz\AppData\Local\Programs\Microsoft VS Code\bin;C:\Users\jlazz\AppData\Roaming\npm;C:\Users\jlazz\AppData\Local\Programs\Antigravity\bin
USERNAME=jlazz
OS=Windows_NT
PROCESSOR_IDENTIFIER=Intel64 Family 6 Model 151 Stepping 2, GenuineIntel
TMP=C:\Users\jlazz\AppData\Local\Temp
TEMP=C:\Users\jlazz\AppData\Local\Temp




Periodic native trim disabled

JNI global refs:
JNI global refs: 31, weak refs: 0

JNI global refs memory usage: 835, weak refs: 833

Process memory usage:
Resident Set Size: 201624K (0% of 33410936K total physical memory with 17404156K free physical memory)

OOME stack traces (most recent first):
Classloader memory used:
Loader bootstrap                                                                       : 16050K
Loader org.gradle.internal.classloader.VisitableURLClassLoader                         : 10435K
Loader org.gradle.initialization.MixInLegacyTypesClassLoader                           : 1149K
Loader jdk.internal.loader.ClassLoaders$AppClassLoader                                 : 230K
Loader jdk.internal.loader.ClassLoaders$PlatformClassLoader                            : 115K

Classes loaded by more than one classloader:
Class org.gradle.internal.classloader.FilteringClassLoader                            : loaded 2 times (x 105B)
Class org.gradle.internal.classloader.ClassLoaderHierarchy                            : loaded 2 times (x 70B)
Class org.gradle.api.internal.classpath.ManifestUtil                                  : loaded 2 times (x 71B)
Class org.gradle.internal.classloader.DefaultClassLoaderFactory                       : loaded 2 times (x 82B)
Class org.gradle.internal.classloader.ClassLoaderVisitor                              : loaded 2 times (x 76B)
Class org.gradle.api.internal.classpath.EffectiveClassPath                            : loaded 2 times (x 90B)
Class org.gradle.api.internal.DefaultClassPathProvider                                : loaded 2 times (x 76B)
Class [Lorg.gradle.api.internal.ClassPathProvider;                                    : loaded 2 times (x 69B)
Class org.gradle.api.internal.ClassPathProvider                                       : loaded 2 times (x 70B)
Class org.gradle.internal.service.UnknownServiceException                             : loaded 2 times (x 83B)
Class org.gradle.internal.classpath.TransformedClassPath                              : loaded 2 times (x 96B)
Class org.gradle.internal.service.ServiceLocator                                      : loaded 2 times (x 70B)
Class org.gradle.internal.InternalTransformer                                         : loaded 2 times (x 70B)
Class org.gradle.internal.classloader.ClasspathUtil$1                                 : loaded 2 times (x 76B)
Class org.gradle.api.internal.classpath.DefaultModuleRegistry$DefaultModule           : loaded 2 times (x 86B)
Class org.gradle.api.internal.classpath.Module                                        : loaded 2 times (x 70B)
Class org.gradle.api.internal.classpath.UnknownModuleException                        : loaded 2 times (x 82B)
Class org.gradle.cache.GlobalCache                                                    : loaded 2 times (x 70B)
Class org.gradle.api.internal.DefaultClassPathRegistry                                : loaded 2 times (x 76B)
Class org.gradle.api.internal.ClassPathRegistry                                       : loaded 2 times (x 70B)
Class org.gradle.internal.classpath.DefaultClassPath$ImmutableUniqueList              : loaded 2 times (x 199B)
Class org.gradle.internal.classpath.ClassPath                                         : loaded 2 times (x 70B)
Class org.gradle.api.UncheckedIOException                                             : loaded 2 times (x 82B)
Class org.gradle.internal.installation.GradleInstallation$1                           : loaded 2 times (x 75B)
Class org.gradle.api.internal.classpath.ModuleRegistry                                : loaded 2 times (x 70B)
Class org.gradle.api.internal.classpath.DefaultModuleRegistry                         : loaded 2 times (x 86B)
Class org.gradle.internal.service.ServiceLookupException                              : loaded 2 times (x 82B)
Class org.gradle.internal.classloader.ClassLoaderFactory                              : loaded 2 times (x 70B)
Class org.gradle.internal.service.CachingServiceLocator                               : loaded 2 times (x 82B)
Class org.gradle.internal.classloader.ClasspathUtil                                   : loaded 2 times (x 71B)
Class org.gradle.api.specs.Spec                                                       : loaded 2 times (x 70B)
Class org.gradle.internal.classloader.VisitableURLClassLoader$InstrumentingVisitableURLClassLoader: loaded 2 times (x 123B)
Class org.gradle.internal.classloader.VisitableURLClassLoader$Spec                    : loaded 2 times (x 74B)
Class org.gradle.internal.classpath.DefaultClassPath                                  : loaded 2 times (x 90B)
Class org.gradle.internal.classloader.ClassLoaderSpec                                 : loaded 2 times (x 71B)
Class org.gradle.internal.classloader.VisitableURLClassLoader                         : loaded 2 times (x 117B)
Class org.gradle.internal.Cast                                                        : loaded 2 times (x 71B)
Class org.gradle.api.Action                                                           : loaded 2 times (x 70B)
Class org.gradle.internal.agents.InstrumentingClassLoader                             : loaded 2 times (x 70B)
Class org.gradle.internal.classpath.DefaultClassPath$ImmutableUniqueList$Builder      : loaded 2 times (x 75B)
Class org.gradle.api.GradleException                                                  : loaded 2 times (x 82B)
Class org.gradle.internal.IoActions                                                   : loaded 2 times (x 71B)
Class org.gradle.internal.classloader.SystemClassLoaderSpec                           : loaded 2 times (x 71B)
Class org.gradle.internal.installation.CurrentGradleInstallationLocator               : loaded 2 times (x 71B)
Class org.gradle.internal.service.DefaultServiceLocator                               : loaded 2 times (x 83B)
Class org.gradle.internal.installation.CurrentGradleInstallation                      : loaded 2 times (x 73B)
Class org.gradle.util.internal.GUtil                                                  : loaded 2 times (x 71B)
Class org.gradle.internal.installation.GradleInstallation                             : loaded 2 times (x 75B)

---------------  S Y S T E M  ---------------

OS:
 Windows 11 , 64 bit Build 22621 (10.0.22621.5415)
OS uptime: 2 days 21:49 hours

CPU: total 16 (initial active 16) (8 cores per cpu, 2 threads per core) family 6 model 151 stepping 2 microcode 0x1a, cx8, cmov, fxsr, ht, mmx, 3dnowpref, sse, sse2, sse3, ssse3, sse4.1, sse4.2, popcnt, lzcnt, tsc, tscinvbit, avx, avx2, aes, erms, clmul, bmi1, bmi2, adx, sha, fma, vzeroupper, clflush, clflushopt, clwb, serialize, rdtscp, rdpid, fsrm, f16c, pku, cet_ibt, cet_ss
Processor Information for processor 0
  Max Mhz: 3700, Current Mhz: 3700, Mhz Limit: 3700
Processor Information for processor 1
  Max Mhz: 3700, Current Mhz: 3700, Mhz Limit: 3700
Processor Information for processor 2
  Max Mhz: 3700, Current Mhz: 3700, Mhz Limit: 3700
Processor Information for processor 3
  Max Mhz: 3700, Current Mhz: 3700, Mhz Limit: 3700
Processor Information for processor 4
  Max Mhz: 3700, Current Mhz: 3700, Mhz Limit: 3700
Processor Information for processor 5
  Max Mhz: 3700, Current Mhz: 3700, Mhz Limit: 3700
Processor Information for processor 6
  Max Mhz: 3700, Current Mhz: 3700, Mhz Limit: 3700
Processor Information for processor 7
  Max Mhz: 3700, Current Mhz: 3700, Mhz Limit: 3700
Processor Information for processor 8
  Max Mhz: 3700, Current Mhz: 3700, Mhz Limit: 3700
Processor Information for processor 9
  Max Mhz: 3700, Current Mhz: 3700, Mhz Limit: 3700
Processor Information for processor 10
  Max Mhz: 3700, Current Mhz: 3700, Mhz Limit: 3700
Processor Information for processor 11
  Max Mhz: 3700, Current Mhz: 3700, Mhz Limit: 3700
Processor Information for processor 12
  Max Mhz: 3700, Current Mhz: 2800, Mhz Limit: 2775
Processor Information for processor 13
  Max Mhz: 3700, Current Mhz: 2800, Mhz Limit: 2775
Processor Information for processor 14
  Max Mhz: 3700, Current Mhz: 2800, Mhz Limit: 2775
Processor Information for processor 15
  Max Mhz: 3700, Current Mhz: 2800, Mhz Limit: 2775

Memory: 4k page, system-wide physical 32627M (16996M free)
TotalPageFile size 34675M (AvailPageFile size 12385M)
current process WorkingSet (physical memory assigned to process): 197M, peak: 197M
current process commit charge ("private bytes"): 254M, peak: 660M

vm_info: OpenJDK 64-Bit Server VM (21.0.8+-14018985-b1038.68) for windows-amd64 JRE (21.0.8+-14018985-b1038.68), built on 2025-08-29T19:56:34Z by "builder" with MS VC++ 16.10 / 16.11 (VS2019)

END.
